..\I386INS.H(80): Warning! W107: Missing return value for function 'int386'
..\I386INS.H(87): Warning! W107: Missing return value for function 'int386x'
..\I386INS.H(97): Warning! W107: Missing return value for function 'getCR2'
..\I386INS.H(109): Warning! W107: Missing return value for function 'readcsbyte'
..\I386INS.H(121): Warning! W107: Missing return value for function 'readssdword'
..\I386INS.H(141): Warning! W107: Missing return value for function 'fpeekb'
..\I386INS.H(161): Warning! W107: Missing return value for function 'fpeekw'
..\I386INS.H(181): Warning! W107: Missing return value for function 'fpeekd'
..\I386INS.H(264): Warning! W107: Missing return value for function 'getCS'
..\I386INS.H(274): Warning! W107: Missing return value for function 'getDS'
..\I386INS.H(284): Warning! W107: Missing return value for function 'getES'
..\I386INS.H(294): Warning! W107: Missing return value for function 'getSS'
..\I386INS.H(304): Warning! W107: Missing return value for function 'getFS'
..\I386INS.H(314): Warning! W107: Missing return value for function 'getGS'
..\I386INS.H(512): Warning! W107: Missing return value for function 'inb'
..\I386INS.H(524): Warning! W107: Missing return value for function 'inw'
..\I386INS.H(536): Warning! W107: Missing return value for function 'ind'
CALLS.C(43): Warning! W107: Missing return value for function 'DpmiGetSelectorBase'
CALLS.C(74): Warning! W107: Missing return value for function 'DpmiGetDescriptor'
CALLS.C(124): Warning! W107: Missing return value for function 'DpmiMemAlloc'
CALLS.C(153): Warning! W107: Missing return value for function 'DpmiMemFree'
CALLS.C(211): Warning! W107: Missing return value for function 'DpmiMemResize'
CALLS.C(264): Warning! W107: Missing return value for function 'DosOpen'
CALLS.C(289): Warning! W107: Missing return value for function 'DosClose'
CALLS.C(329): Warning! W107: Missing return value for function 'DosRead'
CALLS.C(370): Warning! W107: Missing return value for function 'DosWrite'
CALLS.C(420): Warning! W107: Missing return value for function 'DosSetFilePtr'
