CauseWay DOS Extender v4.05 No copyright. Public domain software.
No rights retained. 

Exception: 0D, Error code: ABCC

EAX=0000ABCD EBX=00440044 ECX=0000000F EDX=00453000 ESI=00430044 
EDI=0043F000 EBP=0044D0AC ESP=0044D098 EIP=00451105 EFL=00003200 

CS=01A7-FFBCB000 DS=01AF-FFBCB000 ES=01AF-FFBCB000 
FS=0000-xxxxxxxx GS=01B7-xxxxxxxx SS=01AF-FFBCB000 

CR0=00000000 CR2=00000000 CR3=00000000 TR=0000

Info flags=00008042 

Program Linear Load Address: 00435000

CS:EIP > 66 8E E0 B8 EF BE AD DE C6 00 00 33 C0 E9 00 00 
         00 00 5F 5E 5B C9 C3 55 8B EC 53 56 57 8B 7D 08 
         8A 45 0C 8B 4D 10 F3 AA 5F 5E 5B C9 C3 FF 25 40 
         40 45 00 FF 25 38 40 45 00 FF 25 3C 40 45 00 00 
         00 00 00 00 00 00 00 00 00 00 00 00 00 00 00 00 
         00 00 00 00 00 00 00 00 00 00 00 00 00 00 00 00 
         00 00 00 00 00 00 00 00 00 00 00 00 00 00 00 00 
         00 00 00 00 00 00 00 00 00 00 00 00 00 00 00 00 
         00 00 00 00 00 00 00 00 00 00 00 00 00 00 00 00 
         00 00 00 00 00 00 00 00 00 00 00 00 00 00 00 00 
         00 00 00 00 00 00 00 00 00 00 00 00 00 00 00 00 
         00 00 00 00 00 00 00 00 00 00 00 00 00 00 00 00 
         00 00 00 00 00 00 00 00 00 00 00 00 00 00 00 00 
         00 00 00 00 00 00 00 00 00 00 00 00 00 00 00 00 
         00 00 00 00 00 00 00 00 00 00 00 00 00 00 00 00 
         00 00 00 00 00 00 00 00 00 00 00 00 00 00 00 00 
         

SS:ESP > 00 F0 43 00 44 00 43 00 44 00 44 00 00 FA 00 00 
         0F 00 00 00 D4 D0 44 00 E4 53 43 00 38 E0 44 00 
         54 D1 44 00 00 00 00 00 7C 10 45 00 98 00 45 00 
         84 00 45 00 00 00 45 00 00 00 00 00 5C D1 44 00 
         00 F0 43 00 44 00 43 00 38 E0 44 00 44 00 44 00 
         DD 5B 43 00 AF 01 00 00 AF 01 00 00 24 D1 44 00 
         0B 00 00 00 00 00 00 00 00 00 00 00 7C 7B 00 00 
         43 00 12 32 43 00 00 00 00 06 00 00 46 32 00 00 
         12 32 00 00 00 06 00 00 20 01 00 00 0B 00 43 00 
         00 00 00 00 74 D1 44 00 44 D1 44 00 43 00 00 00 
         00 00 00 00 7C 7B 00 00 02 00 00 00 50 E0 44 00 
         00 00 00 00 AF 01 00 00 AF 01 00 00 92 93 43 00 
         A7 01 00 00 74 D1 44 00 7A D1 43 00 95 D1 43 00 
         00 00 00 00 80 D1 44 00 84 7E 43 00 00 00 00 00 
         42 01 00 00 B1 7A 43 00 00 00 00 00 00 00 00 00 
         00 00 00 00 00 00 00 00 00 00 00 00 00 00 00 00 
         

         C0 CF 44 00 21 00 00 00 0F 00 00 00 00 00 00 00 
         00 03 00 00 46 32 21 00 00 00 6E 0D 15 00 C3 00 
         13 04 00 00 00 00 00 00 00 00 46 32 F4 CF 46 32 
         00 02 00 00 00 03 00 00 46 32 00 00 46 32 00 00 
         00 03 00 00 20 01 00 00 35 04 00 00 0F 30 45 00 
         38 D0 44 00 14 D0 44 00 21 00 00 00 0F 00 00 00 
         0F 00 00 00 01 FF 00 00 B7 01 00 00 87 01 00 00 
         83 00 00 00 AF 01 00 00 F2 05 00 00 37 01 00 00 
         04 32 00 00 FF 05 00 00 A2 00 00 00 00 F0 43 00 
         44 00 43 00 80 D0 44 00 58 D0 44 00 01 00 44 00 
         00 30 45 00 0F 00 00 00 0F 00 00 00 B7 01 00 00 
         00 00 00 00 AF 01 00 00 AF 01 00 00 A4 80 45 00 
         A7 01 00 00 00 32 00 00 00 F0 43 00 44 00 43 00 
         44 00 44 00 AF 01 00 00 44 00 44 00 CD AB 00 00 
         53 0F 00 00 27 01 00 00 00 32 00 00 00 F0 43 00 
         44 00 43 00 44 00 44 00 00 FA 00 00 0F 00 00 00 
SS:EBP > D4 D0 44 00 E4 53 43 00 38 E0 44 00 54 D1 44 00 
         00 00 00 00 7C 10 45 00 98 00 45 00 84 00 45 00 
         00 00 45 00 00 00 00 00 5C D1 44 00 00 F0 43 00 
         44 00 43 00 38 E0 44 00 44 00 44 00 DD 5B 43 00 
         AF 01 00 00 AF 01 00 00 24 D1 44 00 0B 00 00 00 
         00 00 00 00 00 00 00 00 7C 7B 00 00 43 00 12 32 
         43 00 00 00 00 06 00 00 46 32 00 00 12 32 00 00 
         00 06 00 00 20 01 00 00 0B 00 43 00 00 00 00 00 
         74 D1 44 00 44 D1 44 00 43 00 00 00 00 00 00 00 
         7C 7B 00 00 02 00 00 00 50 E0 44 00 00 00 00 00 
         AF 01 00 00 AF 01 00 00 92 93 43 00 A7 01 00 00 
         74 D1 44 00 7A D1 43 00 95 D1 43 00 00 00 00 00 
         80 D1 44 00 84 7E 43 00 00 00 00 00 42 01 00 00 
         B1 7A 43 00 00 00 00 00 00 00 00 00 00 00 00 00 
         00 00 00 00 00 00 00 00 00 00 00 00 00 00 00 00 
         00 00 00 00 00 00 00 00 00 00 00 00 00 00 00 00 
         


   Application resource tracking details   
===========================================


Selectors
=========

 sel   base     limit  type D mem count
----------------------------------------
018F 00430000 00004000 DATA 32 Y xxxx
019F 00430AEC 00000181 DATA 32 Y xxxx
01A7 00000000 FFFFFFFF CODE 32 N 0001
01AF 00000000 FFFFFFFF DATA 32 N 0002
01B7 00430CAC 00000047 DATA 32 Y xxxx

Total selectors: 0005


Linear memory blocks
====================

 handle    base    length 
--------------------------
00435000 00435000 00019000 
00430AEC 00430AEC 00000184 
00430C78 00430C78 00000014 
00430CAC 00430CAC 00000048 

Total Linear memory: 000191E0 (0001D000) in 00000004 blocks


Linear memory locked
====================

  base    length 
-----------------
00437B7C 0000000B 


DOS memory blocks
=================

 sel   base    length 
----------------------


Protected mode interrupt vectors
================================

No sel   offset 
----------------


Protected mode exception vectors
================================

No sel   offset 
----------------
00 01A7 00437774 
0E 01A7 00437778 


Real mode interrupt vectors
===========================

No seg offset
-------------


Call-Backs
==========

  real        target
-----------------------
