..\I386INS.H(71): Warning! W107: Missing return value for function 'int386'
..\I386INS.H(78): Warning! W107: Missing return value for function 'int386x'
..\I386INS.H(88): Warning! W107: Missing return value for function 'getCR2'
..\I386INS.H(100): Warning! W107: Missing return value for function 'readcsbyte'
..\I386INS.H(112): Warning! W107: Missing return value for function 'readssdword'
..\I386INS.H(132): Warning! W107: Missing return value for function 'fpeekb'
..\I386INS.H(152): Warning! W107: Missing return value for function 'fpeekw'
..\I386INS.H(172): Warning! W107: Missing return value for function 'fpeekd'
..\I386INS.H(255): Warning! W107: Missing return value for function 'getCS'
..\I386INS.H(265): Warning! W107: Missing return value for function 'getDS'
..\I386INS.H(275): Warning! W107: Missing return value for function 'getES'
..\I386INS.H(285): Warning! W107: Missing return value for function 'getSS'
..\I386INS.H(295): Warning! W107: Missing return value for function 'getFS'
..\I386INS.H(305): Warning! W107: Missing return value for function 'getGS'
..\I386INS.H(503): Warning! W107: Missing return value for function 'inb'
..\I386INS.H(515): Warning! W107: Missing return value for function 'inw'
..\I386INS.H(527): Warning! W107: Missing return value for function 'ind'
LDR.C(67): Warning! E1181: Parameter 1, sign specifier mismatch
LDR.C(67): Note! I2003: source conversion type is 'signed char *'
LDR.C(67): Note! I2004: target conversion type is 'char const *'
LDR.C(67): Warning! E1181: Parameter 2, sign specifier mismatch
LDR.C(67): Note! I2003: source conversion type is 'signed char *'
LDR.C(67): Note! I2004: target conversion type is 'char const *'
LDR.C(111): Warning! E1181: Parameter 1, sign specifier mismatch
LDR.C(111): Note! I2003: source conversion type is 'signed char *'
LDR.C(111): Note! I2004: target conversion type is 'char *'
LDR.C(111): Warning! E1181: Parameter 2, sign specifier mismatch
LDR.C(111): Note! I2003: source conversion type is 'signed char *'
LDR.C(111): Note! I2004: target conversion type is 'char const *'
LDR.C(214): Warning! W113: Pointer type mismatch
LDR.C(214): Note! I2003: source conversion type is 'unsigned char *'
LDR.C(214): Note! I2004: target conversion type is 'struct _IMAGE_BASE_RELOCATION *'
LDR.C(226): Warning! W113: Pointer type mismatch
LDR.C(226): Note! I2003: source conversion type is 'unsigned char *'
LDR.C(226): Note! I2004: target conversion type is 'unsigned long *'
LDR.C(240): Warning! W113: Pointer type mismatch
LDR.C(240): Note! I2003: source conversion type is 'unsigned char *'
LDR.C(240): Note! I2004: target conversion type is 'struct _IMAGE_BASE_RELOCATION *'
LDR.C(258): Warning! W113: Pointer type mismatch
LDR.C(258): Note! I2003: source conversion type is 'unsigned char *'
LDR.C(258): Note! I2004: target conversion type is 'struct _IMAGE_IMPORT_DESCRIPTOR *'
LDR.C(269): Warning! E1180: Sign specifier mismatch
LDR.C(269): Note! I2003: source conversion type is 'unsigned char *'
LDR.C(269): Note! I2004: target conversion type is 'signed char *'
LDR.C(272): Warning! W131: No prototype found for function 'printf'
LDR.C(276): Warning! W113: Pointer type mismatch
LDR.C(276): Note! I2003: source conversion type is 'unsigned char *'
LDR.C(276): Note! I2004: target conversion type is 'struct _IMAGE_THUNK_DATA *'
LDR.C(277): Warning! W113: Pointer type mismatch
LDR.C(277): Note! I2003: source conversion type is 'unsigned char *'
LDR.C(277): Note! I2004: target conversion type is 'struct _IMAGE_THUNK_DATA *'
LDR.C(294): Warning! W113: Pointer type mismatch
LDR.C(294): Note! I2003: source conversion type is 'unsigned char *'
LDR.C(294): Note! I2004: target conversion type is 'struct _IMAGE_IMPORT_BY_NAME *'
LDR.C(303): Warning! W102: Type mismatch (warning)
LDR.C(303): Note! I2003: source conversion type is 'void *'
LDR.C(303): Note! I2004: target conversion type is 'unsigned long'
